# JRE version: Java(TM) SE Runtime Environment (24.0.2+12) (build 24.0.2+12-54)
# Java VM: Java HotSpot(TM) 64-Bit Server VM (24.0.2+12-54, mixed mode, sharing, tiered, compressed oops, compressed class ptrs, g1 gc, windows-amd64)
GC Precious Log:
 CardTable entry size: 512
 Card Set container configuration: InlinePtr #cards 4 size 8 Array Of Cards #cards 32 size 80 Howl #buckets 8 coarsen threshold 7372 Howl Bitmap #cards 1024 size 144 coarsen threshold 921 Card regions per heap region 1 cards per card region 8192
 CPUs: 8 total, 8 available
 Memory: 7937M
 Large Page Support: Disabled
 NUMA Support: Disabled
 Compressed Oops: Enabled (Zero based)
 Heap Region Size: 4M
 Heap Min Capacity: 8M
 Heap Initial Capacity: 128M
 Heap Max Capacity: 8G
 Pre-touch: Disabled
 Parallel Workers: 8
 Concurrent Workers: 2
 Concurrent Refinement Workers: 8
 Periodic GC: Disabled
Heap:
 garbage-first heap   total reserved 8388608K, committed 245760K, used 141696K [0x0000000600000000, 0x0000000800000000)
  region size 4096K, 6 young (24576K), 2 survivors (8192K)
 Metaspace       used 101425K, committed 103744K, reserved 1179648K
  class space    used 11439K, committed 12544K, reserved 1048576K
GC Heap History (20 events):
Event: 27.108 GC heap before
{Heap before GC invocations=29 (full 0):
 garbage-first heap   total reserved 8388608K, committed 172032K, used 140747K [0x0000000600000000, 0x0000000800000000)
  region size 4096K, 14 young (57344K), 3 survivors (12288K)
 Metaspace       used 82359K, committed 84416K, reserved 1179648K
  class space    used 9349K, committed 10304K, reserved 1048576K
}
Event: 27.121 GC heap after
{Heap after GC invocations=30 (full 0):
 garbage-first heap   total reserved 8388608K, committed 172032K, used 106064K [0x0000000600000000, 0x0000000800000000)
  region size 4096K, 2 young (8192K), 2 survivors (8192K)
 Metaspace       used 82359K, committed 84416K, reserved 1179648K
  class space    used 9349K, committed 10304K, reserved 1048576K
}
Event: 27.957 GC heap before
{Heap before GC invocations=30 (full 0):
 garbage-first heap   total reserved 8388608K, committed 172032K, used 147024K [0x0000000600000000, 0x0000000800000000)
  region size 4096K, 12 young (49152K), 2 survivors (8192K)
 Metaspace       used 84668K, committed 86784K, reserved 1179648K
  class space    used 9550K, committed 10560K, reserved 1048576K
}
Event: 27.966 GC heap after
{Heap after GC invocations=31 (full 0):
 garbage-first heap   total reserved 8388608K, committed 172032K, used 108309K [0x0000000600000000, 0x0000000800000000)
  region size 4096K, 1 young (4096K), 1 survivors (4096K)
 Metaspace       used 84668K, committed 86784K, reserved 1179648K
  class space    used 9550K, committed 10560K, reserved 1048576K
}
Event: 29.343 GC heap before
{Heap before GC invocations=32 (full 0):
 garbage-first heap   total reserved 8388608K, committed 184320K, used 153365K [0x0000000600000000, 0x0000000800000000)
  region size 4096K, 12 young (49152K), 1 survivors (4096K)
 Metaspace       used 87853K, committed 90048K, reserved 1179648K
  class space    used 9902K, committed 10944K, reserved 1048576K
}
Event: 29.352 GC heap after
{Heap after GC invocations=33 (full 0):
 garbage-first heap   total reserved 8388608K, committed 184320K, used 110382K [0x0000000600000000, 0x0000000800000000)
  region size 4096K, 2 young (8192K), 2 survivors (8192K)
 Metaspace       used 87853K, committed 90048K, reserved 1179648K
  class space    used 9902K, committed 10944K, reserved 1048576K
}
Event: 30.701 GC heap before
{Heap before GC invocations=33 (full 0):
 garbage-first heap   total reserved 8388608K, committed 184320K, used 159534K [0x0000000600000000, 0x0000000800000000)
  region size 4096K, 14 young (57344K), 2 survivors (8192K)
 Metaspace       used 91369K, committed 93568K, reserved 1179648K
  class space    used 10286K, committed 11328K, reserved 1048576K
}
Event: 30.714 GC heap after
{Heap after GC invocations=34 (full 0):
 garbage-first heap   total reserved 8388608K, committed 184320K, used 110735K [0x0000000600000000, 0x0000000800000000)
  region size 4096K, 1 young (4096K), 1 survivors (4096K)
 Metaspace       used 91369K, committed 93568K, reserved 1179648K
  class space    used 10286K, committed 11328K, reserved 1048576K
}
Event: 32.219 GC heap before
{Heap before GC invocations=34 (full 0):
 garbage-first heap   total reserved 8388608K, committed 184320K, used 163983K [0x0000000600000000, 0x0000000800000000)
  region size 4096K, 14 young (57344K), 1 survivors (4096K)
 Metaspace       used 93538K, committed 95744K, reserved 1179648K
  class space    used 10518K, committed 11584K, reserved 1048576K
}
Event: 32.232 GC heap after
{Heap after GC invocations=35 (full 0):
 garbage-first heap   total reserved 8388608K, committed 184320K, used 114086K [0x0000000600000000, 0x0000000800000000)
  region size 4096K, 2 young (8192K), 2 survivors (8192K)
 Metaspace       used 93538K, committed 95744K, reserved 1179648K
  class space    used 10518K, committed 11584K, reserved 1048576K
}
Event: 33.494 GC heap before
{Heap before GC invocations=36 (full 0):
 garbage-first heap   total reserved 8388608K, committed 200704K, used 159142K [0x0000000600000000, 0x0000000800000000)
  region size 4096K, 13 young (53248K), 2 survivors (8192K)
 Metaspace       used 96689K, committed 98944K, reserved 1179648K
  class space    used 10910K, committed 11968K, reserved 1048576K
}
Event: 33.506 GC heap after
{Heap after GC invocations=37 (full 0):
 garbage-first heap   total reserved 8388608K, committed 200704K, used 115624K [0x0000000600000000, 0x0000000800000000)
  region size 4096K, 2 young (8192K), 2 survivors (8192K)
 Metaspace       used 96689K, committed 98944K, reserved 1179648K
  class space    used 10910K, committed 11968K, reserved 1048576K
}
Event: 35.618 GC heap before
{Heap before GC invocations=37 (full 0):
 garbage-first heap   total reserved 8388608K, committed 200704K, used 177064K [0x0000000600000000, 0x0000000800000000)
  region size 4096K, 17 young (69632K), 2 survivors (8192K)
 Metaspace       used 100338K, committed 102592K, reserved 1179648K
  class space    used 11376K, committed 12480K, reserved 1048576K
}
Event: 35.629 GC heap after
{Heap after GC invocations=38 (full 0):
 garbage-first heap   total reserved 8388608K, committed 200704K, used 116430K [0x0000000600000000, 0x0000000800000000)
  region size 4096K, 2 young (8192K), 2 survivors (8192K)
 Metaspace       used 100338K, committed 102592K, reserved 1179648K
  class space    used 11376K, committed 12480K, reserved 1048576K
}
Event: 37.823 GC heap before
{Heap before GC invocations=38 (full 0):
 garbage-first heap   total reserved 8388608K, committed 200704K, used 177870K [0x0000000600000000, 0x0000000800000000)
  region size 4096K, 17 young (69632K), 2 survivors (8192K)
 Metaspace       used 100876K, committed 103168K, reserved 1179648K
  class space    used 11425K, committed 12480K, reserved 1048576K
}
Event: 37.839 GC heap after
{Heap after GC invocations=39 (full 0):
 garbage-first heap   total reserved 8388608K, committed 200704K, used 120319K [0x0000000600000000, 0x0000000800000000)
  region size 4096K, 2 young (8192K), 2 survivors (8192K)
 Metaspace       used 100876K, committed 103168K, reserved 1179648K
  class space    used 11425K, committed 12480K, reserved 1048576K
}
Event: 39.102 GC heap before
{Heap before GC invocations=40 (full 0):
 garbage-first heap   total reserved 8388608K, committed 204800K, used 177663K [0x0000000600000000, 0x0000000800000000)
  region size 4096K, 16 young (65536K), 2 survivors (8192K)
 Metaspace       used 101199K, committed 103488K, reserved 1179648K
  class space    used 11425K, committed 12480K, reserved 1048576K
}
Event: 39.122 GC heap after
{Heap after GC invocations=41 (full 0):
 garbage-first heap   total reserved 8388608K, committed 204800K, used 124548K [0x0000000600000000, 0x0000000800000000)
  region size 4096K, 2 young (8192K), 2 survivors (8192K)
 Metaspace       used 101199K, committed 103488K, reserved 1179648K
  class space    used 11425K, committed 12480K, reserved 1048576K
}
Event: 40.113 GC heap before
{Heap before GC invocations=41 (full 0):
 garbage-first heap   total reserved 8388608K, committed 204800K, used 181892K [0x0000000600000000, 0x0000000800000000)
  region size 4096K, 16 young (65536K), 2 survivors (8192K)
 Metaspace       used 101371K, committed 103680K, reserved 1179648K
  class space    used 11439K, committed 12544K, reserved 1048576K
}
Event: 40.137 GC heap after
{Heap after GC invocations=42 (full 0):
 garbage-first heap   total reserved 8388608K, committed 245760K, used 129408K [0x0000000600000000, 0x0000000800000000)
  region size 4096K, 2 young (8192K), 2 survivors (8192K)
 Metaspace       used 101371K, committed 103680K, reserved 1179648K
  class space    used 11439K, committed 12544K, reserved 1048576K
}

