# JRE version: Java(TM) SE Runtime Environment (24.0.2+12) (build 24.0.2+12-54)
# Java VM: Java HotSpot(TM) 64-Bit Server VM (24.0.2+12-54, mixed mode, sharing, tiered, compressed oops, compressed class ptrs, g1 gc, windows-amd64)
GC Precious Log:
 CardTable entry size: 512
 Card Set container configuration: InlinePtr #cards 4 size 8 Array Of Cards #cards 32 size 80 Howl #buckets 8 coarsen threshold 7372 Howl Bitmap #cards 1024 size 144 coarsen threshold 921 Card regions per heap region 1 cards per card region 8192
 CPUs: 8 total, 8 available
 Memory: 7937M
 Large Page Support: Disabled
 NUMA Support: Disabled
 Compressed Oops: Enabled (Zero based)
 Heap Region Size: 4M
 Heap Min Capacity: 8M
 Heap Initial Capacity: 128M
 Heap Max Capacity: 8G
 Pre-touch: Disabled
 Parallel Workers: 8
 Concurrent Workers: 2
 Concurrent Refinement Workers: 8
 Periodic GC: Disabled
Heap:
 garbage-first heap   total reserved 8388608K, committed 135168K, used 78657K [0x0000000600000000, 0x0000000800000000)
  region size 4096K, 4 young (16384K), 2 survivors (8192K)
 Metaspace       used 73980K, committed 76032K, reserved 1179648K
  class space    used 8622K, committed 9600K, reserved 1048576K
GC Heap History (20 events):
Event: 5.926 GC heap before
{Heap before GC invocations=10 (full 0):
 garbage-first heap   total reserved 8388608K, committed 110592K, used 85130K [0x0000000600000000, 0x0000000800000000)
  region size 4096K, 13 young (53248K), 1 survivors (4096K)
 Metaspace       used 42070K, committed 43584K, reserved 1114112K
  class space    used 4680K, committed 5440K, reserved 1048576K
}
Event: 5.930 GC heap after
{Heap after GC invocations=11 (full 0):
 garbage-first heap   total reserved 8388608K, committed 110592K, used 38332K [0x0000000600000000, 0x0000000800000000)
  region size 4096K, 2 young (8192K), 2 survivors (8192K)
 Metaspace       used 42070K, committed 43584K, reserved 1114112K
  class space    used 4680K, committed 5440K, reserved 1048576K
}
Event: 6.536 GC heap before
{Heap before GC invocations=11 (full 0):
 garbage-first heap   total reserved 8388608K, committed 110592K, used 87484K [0x0000000600000000, 0x0000000800000000)
  region size 4096K, 14 young (57344K), 2 survivors (8192K)
 Metaspace       used 44871K, committed 46528K, reserved 1114112K
  class space    used 5072K, committed 5888K, reserved 1048576K
}
Event: 6.540 GC heap after
{Heap after GC invocations=12 (full 0):
 garbage-first heap   total reserved 8388608K, committed 110592K, used 40403K [0x0000000600000000, 0x0000000800000000)
  region size 4096K, 2 young (8192K), 2 survivors (8192K)
 Metaspace       used 44871K, committed 46528K, reserved 1114112K
  class space    used 5072K, committed 5888K, reserved 1048576K
}
Event: 7.276 GC heap before
{Heap before GC invocations=12 (full 0):
 garbage-first heap   total reserved 8388608K, committed 110592K, used 89555K [0x0000000600000000, 0x0000000800000000)
  region size 4096K, 14 young (57344K), 2 survivors (8192K)
 Metaspace       used 49521K, committed 51328K, reserved 1114112K
  class space    used 5672K, committed 6528K, reserved 1048576K
}
Event: 7.283 GC heap after
{Heap after GC invocations=13 (full 0):
 garbage-first heap   total reserved 8388608K, committed 110592K, used 42889K [0x0000000600000000, 0x0000000800000000)
  region size 4096K, 2 young (8192K), 2 survivors (8192K)
 Metaspace       used 49521K, committed 51328K, reserved 1114112K
  class space    used 5672K, committed 6528K, reserved 1048576K
}
Event: 8.186 GC heap before
{Heap before GC invocations=13 (full 0):
 garbage-first heap   total reserved 8388608K, committed 110592K, used 83849K [0x0000000600000000, 0x0000000800000000)
  region size 4096K, 13 young (53248K), 2 survivors (8192K)
 Metaspace       used 51743K, committed 53568K, reserved 1114112K
  class space    used 5923K, committed 6784K, reserved 1048576K
}
Event: 8.192 GC heap after
{Heap after GC invocations=14 (full 0):
 garbage-first heap   total reserved 8388608K, committed 110592K, used 45702K [0x0000000600000000, 0x0000000800000000)
  region size 4096K, 2 young (8192K), 2 survivors (8192K)
 Metaspace       used 51743K, committed 53568K, reserved 1114112K
  class space    used 5923K, committed 6784K, reserved 1048576K
}
Event: 8.750 GC heap before
{Heap before GC invocations=14 (full 0):
 garbage-first heap   total reserved 8388608K, committed 110592K, used 94854K [0x0000000600000000, 0x0000000800000000)
  region size 4096K, 13 young (53248K), 2 survivors (8192K)
 Metaspace       used 56283K, committed 58240K, reserved 1114112K
  class space    used 6454K, committed 7360K, reserved 1048576K
}
Event: 8.755 GC heap after
{Heap after GC invocations=15 (full 0):
 garbage-first heap   total reserved 8388608K, committed 135168K, used 56137K [0x0000000600000000, 0x0000000800000000)
  region size 4096K, 2 young (8192K), 2 survivors (8192K)
 Metaspace       used 56283K, committed 58240K, reserved 1114112K
  class space    used 6454K, committed 7360K, reserved 1048576K
}
Event: 8.890 GC heap before
{Heap before GC invocations=15 (full 0):
 garbage-first heap   total reserved 8388608K, committed 135168K, used 68425K [0x0000000600000000, 0x0000000800000000)
  region size 4096K, 6 young (24576K), 2 survivors (8192K)
 Metaspace       used 58156K, committed 60096K, reserved 1114112K
  class space    used 6632K, committed 7552K, reserved 1048576K
}
Event: 8.894 GC heap after
{Heap after GC invocations=16 (full 0):
 garbage-first heap   total reserved 8388608K, committed 135168K, used 56034K [0x0000000600000000, 0x0000000800000000)
  region size 4096K, 1 young (4096K), 1 survivors (4096K)
 Metaspace       used 58156K, committed 60096K, reserved 1114112K
  class space    used 6632K, committed 7552K, reserved 1048576K
}
Event: 9.559 GC heap before
{Heap before GC invocations=17 (full 0):
 garbage-first heap   total reserved 8388608K, committed 135168K, used 113378K [0x0000000600000000, 0x0000000800000000)
  region size 4096K, 15 young (61440K), 1 survivors (4096K)
 Metaspace       used 63584K, committed 65600K, reserved 1114112K
  class space    used 7235K, committed 8192K, reserved 1048576K
}
Event: 9.564 GC heap after
{Heap after GC invocations=18 (full 0):
 garbage-first heap   total reserved 8388608K, committed 135168K, used 58268K [0x0000000600000000, 0x0000000800000000)
  region size 4096K, 1 young (4096K), 1 survivors (4096K)
 Metaspace       used 63584K, committed 65600K, reserved 1114112K
  class space    used 7235K, committed 8192K, reserved 1048576K
}
Event: 10.388 GC heap before
{Heap before GC invocations=18 (full 0):
 garbage-first heap   total reserved 8388608K, committed 135168K, used 119708K [0x0000000600000000, 0x0000000800000000)
  region size 4096K, 15 young (61440K), 1 survivors (4096K)
 Metaspace       used 67297K, committed 69312K, reserved 1114112K
  class space    used 7690K, committed 8640K, reserved 1048576K
}
Event: 10.398 GC heap after
{Heap after GC invocations=19 (full 0):
 garbage-first heap   total reserved 8388608K, committed 135168K, used 64743K [0x0000000600000000, 0x0000000800000000)
  region size 4096K, 2 young (8192K), 2 survivors (8192K)
 Metaspace       used 67297K, committed 69312K, reserved 1114112K
  class space    used 7690K, committed 8640K, reserved 1048576K
}
Event: 10.895 GC heap before
{Heap before GC invocations=19 (full 0):
 garbage-first heap   total reserved 8388608K, committed 135168K, used 109799K [0x0000000600000000, 0x0000000800000000)
  region size 4096K, 13 young (53248K), 2 survivors (8192K)
 Metaspace       used 69802K, committed 71808K, reserved 1114112K
  class space    used 8013K, committed 8960K, reserved 1048576K
}
Event: 10.901 GC heap after
{Heap after GC invocations=20 (full 0):
 garbage-first heap   total reserved 8388608K, committed 135168K, used 67403K [0x0000000600000000, 0x0000000800000000)
  region size 4096K, 2 young (8192K), 2 survivors (8192K)
 Metaspace       used 69802K, committed 71808K, reserved 1114112K
  class space    used 8013K, committed 8960K, reserved 1048576K
}
Event: 11.760 GC heap before
{Heap before GC invocations=21 (full 0):
 garbage-first heap   total reserved 8388608K, committed 135168K, used 108363K [0x0000000600000000, 0x0000000800000000)
  region size 4096K, 12 young (49152K), 2 survivors (8192K)
 Metaspace       used 72688K, committed 74752K, reserved 1179648K
  class space    used 8487K, committed 9408K, reserved 1048576K
}
Event: 11.769 GC heap after
{Heap after GC invocations=22 (full 0):
 garbage-first heap   total reserved 8388608K, committed 135168K, used 70666K [0x0000000600000000, 0x0000000800000000)
  region size 4096K, 2 young (8192K), 2 survivors (8192K)
 Metaspace       used 72688K, committed 74752K, reserved 1179648K
  class space    used 8487K, committed 9408K, reserved 1048576K
}

