# JRE version: Java(TM) SE Runtime Environment (24.0.2+12) (build 24.0.2+12-54)
# Java VM: Java HotSpot(TM) 64-Bit Server VM (24.0.2+12-54, mixed mode, sharing, tiered, compressed oops, compressed class ptrs, g1 gc, windows-amd64)
GC Precious Log:
 CardTable entry size: 512
 Card Set container configuration: InlinePtr #cards 4 size 8 Array Of Cards #cards 32 size 80 Howl #buckets 8 coarsen threshold 7372 Howl Bitmap #cards 1024 size 144 coarsen threshold 921 Card regions per heap region 1 cards per card region 8192
 CPUs: 8 total, 8 available
 Memory: 7937M
 Large Page Support: Disabled
 NUMA Support: Disabled
 Compressed Oops: Enabled (Zero based)
 Heap Region Size: 4M
 Heap Min Capacity: 8M
 Heap Initial Capacity: 128M
 Heap Max Capacity: 8G
 Pre-touch: Disabled
 Parallel Workers: 8
 Concurrent Workers: 2
 Concurrent Refinement Workers: 8
 Periodic GC: Disabled
Heap:
 garbage-first heap   total reserved 8388608K, committed 163840K, used 130078K [0x0000000600000000, 0x0000000800000000)
  region size 4096K, 9 young (36864K), 2 survivors (8192K)
 Metaspace       used 87828K, committed 90048K, reserved 1179648K
  class space    used 9921K, committed 11008K, reserved 1048576K
GC Heap History (20 events):
Event: 22.180 GC heap before
{Heap before GC invocations=22 (full 0):
 garbage-first heap   total reserved 8388608K, committed 110592K, used 96682K [0x0000000600000000, 0x0000000800000000)
  region size 4096K, 8 young (32768K), 1 survivors (4096K)
 Metaspace       used 75334K, committed 77376K, reserved 1179648K
  class space    used 8530K, committed 9472K, reserved 1048576K
}
Event: 22.186 GC heap after
{Heap after GC invocations=23 (full 0):
 garbage-first heap   total reserved 8388608K, committed 110592K, used 69764K [0x0000000600000000, 0x0000000800000000)
  region size 4096K, 1 young (4096K), 1 survivors (4096K)
 Metaspace       used 75334K, committed 77376K, reserved 1179648K
  class space    used 8530K, committed 9472K, reserved 1048576K
}
Event: 22.665 GC heap before
{Heap before GC invocations=24 (full 0):
 garbage-first heap   total reserved 8388608K, committed 122880K, used 94340K [0x0000000600000000, 0x0000000800000000)
  region size 4096K, 7 young (28672K), 1 survivors (4096K)
 Metaspace       used 76388K, committed 78464K, reserved 1179648K
  class space    used 8667K, committed 9664K, reserved 1048576K
}
Event: 22.669 GC heap after
{Heap after GC invocations=25 (full 0):
 garbage-first heap   total reserved 8388608K, committed 122880K, used 71153K [0x0000000600000000, 0x0000000800000000)
  region size 4096K, 1 young (4096K), 1 survivors (4096K)
 Metaspace       used 76388K, committed 78464K, reserved 1179648K
  class space    used 8667K, committed 9664K, reserved 1048576K
}
Event: 43.102 GC heap before
{Heap before GC invocations=25 (full 0):
 garbage-first heap   total reserved 8388608K, committed 122880K, used 108017K [0x0000000600000000, 0x0000000800000000)
  region size 4096K, 10 young (40960K), 1 survivors (4096K)
 Metaspace       used 79003K, committed 81088K, reserved 1179648K
  class space    used 9029K, committed 9984K, reserved 1048576K
}
Event: 43.110 GC heap after
{Heap after GC invocations=26 (full 0):
 garbage-first heap   total reserved 8388608K, committed 122880K, used 72720K [0x0000000600000000, 0x0000000800000000)
  region size 4096K, 2 young (8192K), 2 survivors (8192K)
 Metaspace       used 79003K, committed 81088K, reserved 1179648K
  class space    used 9029K, committed 9984K, reserved 1048576K
}
Event: 44.003 GC heap before
{Heap before GC invocations=26 (full 0):
 garbage-first heap   total reserved 8388608K, committed 122880K, used 101392K [0x0000000600000000, 0x0000000800000000)
  region size 4096K, 9 young (36864K), 2 survivors (8192K)
 Metaspace       used 80757K, committed 82944K, reserved 1179648K
  class space    used 9307K, committed 10304K, reserved 1048576K
}
Event: 44.012 GC heap after
{Heap after GC invocations=27 (full 0):
 garbage-first heap   total reserved 8388608K, committed 122880K, used 75277K [0x0000000600000000, 0x0000000800000000)
  region size 4096K, 2 young (8192K), 2 survivors (8192K)
 Metaspace       used 80757K, committed 82944K, reserved 1179648K
  class space    used 9307K, committed 10304K, reserved 1048576K
}
Event: 44.899 GC heap before
{Heap before GC invocations=28 (full 0):
 garbage-first heap   total reserved 8388608K, committed 131072K, used 99853K [0x0000000600000000, 0x0000000800000000)
  region size 4096K, 8 young (32768K), 2 survivors (8192K)
 Metaspace       used 81658K, committed 83840K, reserved 1179648K
  class space    used 9411K, committed 10432K, reserved 1048576K
}
Event: 44.912 GC heap after
{Heap after GC invocations=29 (full 0):
 garbage-first heap   total reserved 8388608K, committed 131072K, used 79000K [0x0000000600000000, 0x0000000800000000)
  region size 4096K, 1 young (4096K), 1 survivors (4096K)
 Metaspace       used 81658K, committed 83840K, reserved 1179648K
  class space    used 9411K, committed 10432K, reserved 1048576K
}
Event: 45.534 GC heap before
{Heap before GC invocations=29 (full 0):
 garbage-first heap   total reserved 8388608K, committed 131072K, used 111768K [0x0000000600000000, 0x0000000800000000)
  region size 4096K, 9 young (36864K), 1 survivors (4096K)
 Metaspace       used 82010K, committed 84224K, reserved 1179648K
  class space    used 9426K, committed 10496K, reserved 1048576K
}
Event: 45.543 GC heap after
{Heap after GC invocations=30 (full 0):
 garbage-first heap   total reserved 8388608K, committed 131072K, used 81023K [0x0000000600000000, 0x0000000800000000)
  region size 4096K, 2 young (8192K), 2 survivors (8192K)
 Metaspace       used 82010K, committed 84224K, reserved 1179648K
  class space    used 9426K, committed 10496K, reserved 1048576K
}
Event: 45.790 GC heap before
{Heap before GC invocations=30 (full 0):
 garbage-first heap   total reserved 8388608K, committed 131072K, used 101503K [0x0000000600000000, 0x0000000800000000)
  region size 4096K, 8 young (32768K), 2 survivors (8192K)
 Metaspace       used 82060K, committed 84288K, reserved 1179648K
  class space    used 9428K, committed 10496K, reserved 1048576K
}
Event: 45.796 GC heap after
{Heap after GC invocations=31 (full 0):
 garbage-first heap   total reserved 8388608K, committed 159744K, used 82378K [0x0000000600000000, 0x0000000800000000)
  region size 4096K, 1 young (4096K), 1 survivors (4096K)
 Metaspace       used 82060K, committed 84288K, reserved 1179648K
  class space    used 9428K, committed 10496K, reserved 1048576K
}
Event: 46.298 GC heap before
{Heap before GC invocations=32 (full 0):
 garbage-first heap   total reserved 8388608K, committed 159744K, used 135626K [0x0000000600000000, 0x0000000800000000)
  region size 4096K, 15 young (61440K), 1 survivors (4096K)
 Metaspace       used 82071K, committed 84288K, reserved 1179648K
  class space    used 9429K, committed 10496K, reserved 1048576K
}
Event: 46.303 GC heap after
{Heap after GC invocations=33 (full 0):
 garbage-first heap   total reserved 8388608K, committed 159744K, used 84027K [0x0000000600000000, 0x0000000800000000)
  region size 4096K, 2 young (8192K), 2 survivors (8192K)
 Metaspace       used 82071K, committed 84288K, reserved 1179648K
  class space    used 9429K, committed 10496K, reserved 1048576K
}
Event: 47.052 GC heap before
{Heap before GC invocations=33 (full 0):
 garbage-first heap   total reserved 8388608K, committed 159744K, used 129083K [0x0000000600000000, 0x0000000800000000)
  region size 4096K, 14 young (57344K), 2 survivors (8192K)
 Metaspace       used 82957K, committed 85184K, reserved 1179648K
  class space    used 9524K, committed 10560K, reserved 1048576K
}
Event: 47.061 GC heap after
{Heap after GC invocations=34 (full 0):
 garbage-first heap   total reserved 8388608K, committed 159744K, used 97157K [0x0000000600000000, 0x0000000800000000)
  region size 4096K, 2 young (8192K), 2 survivors (8192K)
 Metaspace       used 82957K, committed 85184K, reserved 1179648K
  class space    used 9524K, committed 10560K, reserved 1048576K
}
Event: 48.030 GC heap before
{Heap before GC invocations=35 (full 0):
 garbage-first heap   total reserved 8388608K, committed 163840K, used 134021K [0x0000000600000000, 0x0000000800000000)
  region size 4096K, 12 young (49152K), 2 survivors (8192K)
 Metaspace       used 85517K, committed 87744K, reserved 1179648K
  class space    used 9722K, committed 10752K, reserved 1048576K
}
Event: 48.036 GC heap after
{Heap after GC invocations=36 (full 0):
 garbage-first heap   total reserved 8388608K, committed 163840K, used 105502K [0x0000000600000000, 0x0000000800000000)
  region size 4096K, 2 young (8192K), 2 survivors (8192K)
 Metaspace       used 85517K, committed 87744K, reserved 1179648K
  class space    used 9722K, committed 10752K, reserved 1048576K
}

