# JRE version: OpenJDK Runtime Environment Temurin-21.0.9+10 (21.0.9+10) (build 21.0.9+10-LTS)
# Java VM: OpenJDK 64-Bit Server VM Temurin-21.0.9+10 (21.0.9+10-LTS, mixed mode, sharing, tiered, compressed oops, compressed class ptrs, parallel gc, windows-amd64)
GC Precious Log:
 CardTable entry size: 512
 CPUs: 8 total, 8 available
 Memory: 7937M
 Large Page Support: Disabled
 NUMA Support: Disabled
 Compressed Oops: Enabled (32-bit)
 Alignments: Space 512K, Generation 512K, Heap 2M
 Heap Min Capacity: 100M
 Heap Initial Capacity: 100M
 Heap Max Capacity: 2G
 Pre-touch: Disabled
 Parallel Workers: 8
Heap:
 PSYoungGen      total 23040K, used 875K [0x00000000d5580000, 0x00000000d6d00000, 0x0000000100000000)
  eden space 22016K, 2% used [0x00000000d5580000,0x00000000d5612db8,0x00000000d6b00000)
  from space 1024K, 28% used [0x00000000d6b80000,0x00000000d6bc8000,0x00000000d6c80000)
  to   space 512K, 0% used [0x00000000d6c80000,0x00000000d6c80000,0x00000000d6d00000)
 ParOldGen       total 68608K, used 41663K [0x0000000080000000, 0x0000000084300000, 0x00000000d5580000)
  object space 68608K, 60% used [0x0000000080000000,0x00000000828afde8,0x0000000084300000)
 Metaspace       used 64399K, committed 65920K, reserved 1114112K
  class space    used 8204K, committed 8896K, reserved 1048576K
GC Heap History (20 events):
Event: 34.027 GC heap before
{Heap before GC invocations=34 (full 3):
 PSYoungGen      total 22528K, used 22499K [0x00000000d5580000, 0x00000000d6f80000, 0x0000000100000000)
  eden space 22016K, 100% used [0x00000000d5580000,0x00000000d6b00000,0x00000000d6b00000)
  from space 512K, 94% used [0x00000000d6f00000,0x00000000d6f78c80,0x00000000d6f80000)
  to   space 1024K, 0% used [0x00000000d6d80000,0x00000000d6d80000,0x00000000d6e80000)
 ParOldGen       total 68608K, used 39394K [0x0000000080000000, 0x0000000084300000, 0x00000000d5580000)
  object space 68608K, 57% used [0x0000000080000000,0x0000000082678b08,0x0000000084300000)
 Metaspace       used 60026K, committed 61376K, reserved 1114112K
  class space    used 7601K, committed 8192K, reserved 1048576K
}
Event: 34.028 GC heap after
{Heap after GC invocations=34 (full 3):
 PSYoungGen      total 23040K, used 1010K [0x00000000d5580000, 0x00000000d6f80000, 0x0000000100000000)
  eden space 22016K, 0% used [0x00000000d5580000,0x00000000d5580000,0x00000000d6b00000)
  from space 1024K, 98% used [0x00000000d6d80000,0x00000000d6e7c878,0x00000000d6e80000)
  to   space 1024K, 0% used [0x00000000d6e80000,0x00000000d6e80000,0x00000000d6f80000)
 ParOldGen       total 68608K, used 39597K [0x0000000080000000, 0x0000000084300000, 0x00000000d5580000)
  object space 68608K, 57% used [0x0000000080000000,0x00000000826ab688,0x0000000084300000)
 Metaspace       used 60026K, committed 61376K, reserved 1114112K
  class space    used 7601K, committed 8192K, reserved 1048576K
}
Event: 34.160 GC heap before
{Heap before GC invocations=35 (full 3):
 PSYoungGen      total 23040K, used 23026K [0x00000000d5580000, 0x00000000d6f80000, 0x0000000100000000)
  eden space 22016K, 100% used [0x00000000d5580000,0x00000000d6b00000,0x00000000d6b00000)
  from space 1024K, 98% used [0x00000000d6d80000,0x00000000d6e7c878,0x00000000d6e80000)
  to   space 1024K, 0% used [0x00000000d6e80000,0x00000000d6e80000,0x00000000d6f80000)
 ParOldGen       total 68608K, used 39597K [0x0000000080000000, 0x0000000084300000, 0x00000000d5580000)
  object space 68608K, 57% used [0x0000000080000000,0x00000000826ab688,0x0000000084300000)
 Metaspace       used 60027K, committed 61376K, reserved 1114112K
  class space    used 7601K, committed 8192K, reserved 1048576K
}
Event: 34.160 GC heap after
{Heap after GC invocations=35 (full 3):
 PSYoungGen      total 23040K, used 1000K [0x00000000d5580000, 0x00000000d6f80000, 0x0000000100000000)
  eden space 22016K, 0% used [0x00000000d5580000,0x00000000d5580000,0x00000000d6b00000)
  from space 1024K, 97% used [0x00000000d6e80000,0x00000000d6f7a2a0,0x00000000d6f80000)
  to   space 1536K, 0% used [0x00000000d6c80000,0x00000000d6c80000,0x00000000d6e00000)
 ParOldGen       total 68608K, used 39749K [0x0000000080000000, 0x0000000084300000, 0x00000000d5580000)
  object space 68608K, 57% used [0x0000000080000000,0x00000000826d1688,0x0000000084300000)
 Metaspace       used 60027K, committed 61376K, reserved 1114112K
  class space    used 7601K, committed 8192K, reserved 1048576K
}
Event: 34.287 GC heap before
{Heap before GC invocations=36 (full 3):
 PSYoungGen      total 23040K, used 23016K [0x00000000d5580000, 0x00000000d6f80000, 0x0000000100000000)
  eden space 22016K, 100% used [0x00000000d5580000,0x00000000d6b00000,0x00000000d6b00000)
  from space 1024K, 97% used [0x00000000d6e80000,0x00000000d6f7a2a0,0x00000000d6f80000)
  to   space 1536K, 0% used [0x00000000d6c80000,0x00000000d6c80000,0x00000000d6e00000)
 ParOldGen       total 68608K, used 39749K [0x0000000080000000, 0x0000000084300000, 0x00000000d5580000)
  object space 68608K, 57% used [0x0000000080000000,0x00000000826d1688,0x0000000084300000)
 Metaspace       used 60027K, committed 61376K, reserved 1114112K
  class space    used 7601K, committed 8192K, reserved 1048576K
}
Event: 34.288 GC heap after
{Heap after GC invocations=36 (full 3):
 PSYoungGen      total 23552K, used 1133K [0x00000000d5580000, 0x00000000d6f00000, 0x0000000100000000)
  eden space 22016K, 0% used [0x00000000d5580000,0x00000000d5580000,0x00000000d6b00000)
  from space 1536K, 73% used [0x00000000d6c80000,0x00000000d6d9b430,0x00000000d6e00000)
  to   space 1024K, 0% used [0x00000000d6e00000,0x00000000d6e00000,0x00000000d6f00000)
 ParOldGen       total 68608K, used 39781K [0x0000000080000000, 0x0000000084300000, 0x00000000d5580000)
  object space 68608K, 57% used [0x0000000080000000,0x00000000826d9688,0x0000000084300000)
 Metaspace       used 60027K, committed 61376K, reserved 1114112K
  class space    used 7601K, committed 8192K, reserved 1048576K
}
Event: 34.413 GC heap before
{Heap before GC invocations=37 (full 3):
 PSYoungGen      total 23552K, used 23149K [0x00000000d5580000, 0x00000000d6f00000, 0x0000000100000000)
  eden space 22016K, 100% used [0x00000000d5580000,0x00000000d6b00000,0x00000000d6b00000)
  from space 1536K, 73% used [0x00000000d6c80000,0x00000000d6d9b430,0x00000000d6e00000)
  to   space 1024K, 0% used [0x00000000d6e00000,0x00000000d6e00000,0x00000000d6f00000)
 ParOldGen       total 68608K, used 39781K [0x0000000080000000, 0x0000000084300000, 0x00000000d5580000)
  object space 68608K, 57% used [0x0000000080000000,0x00000000826d9688,0x0000000084300000)
 Metaspace       used 60027K, committed 61376K, reserved 1114112K
  class space    used 7601K, committed 8192K, reserved 1048576K
}
Event: 34.414 GC heap after
{Heap after GC invocations=37 (full 3):
 PSYoungGen      total 23040K, used 1018K [0x00000000d5580000, 0x00000000d6f00000, 0x0000000100000000)
  eden space 22016K, 0% used [0x00000000d5580000,0x00000000d5580000,0x00000000d6b00000)
  from space 1024K, 99% used [0x00000000d6e00000,0x00000000d6efe910,0x00000000d6f00000)
  to   space 1536K, 0% used [0x00000000d6c00000,0x00000000d6c00000,0x00000000d6d80000)
 ParOldGen       total 68608K, used 39949K [0x0000000080000000, 0x0000000084300000, 0x00000000d5580000)
  object space 68608K, 58% used [0x0000000080000000,0x0000000082703738,0x0000000084300000)
 Metaspace       used 60027K, committed 61376K, reserved 1114112K
  class space    used 7601K, committed 8192K, reserved 1048576K
}
Event: 34.541 GC heap before
{Heap before GC invocations=38 (full 3):
 PSYoungGen      total 23040K, used 23034K [0x00000000d5580000, 0x00000000d6f00000, 0x0000000100000000)
  eden space 22016K, 100% used [0x00000000d5580000,0x00000000d6b00000,0x00000000d6b00000)
  from space 1024K, 99% used [0x00000000d6e00000,0x00000000d6efe910,0x00000000d6f00000)
  to   space 1536K, 0% used [0x00000000d6c00000,0x00000000d6c00000,0x00000000d6d80000)
 ParOldGen       total 68608K, used 39949K [0x0000000080000000, 0x0000000084300000, 0x00000000d5580000)
  object space 68608K, 58% used [0x0000000080000000,0x0000000082703738,0x0000000084300000)
 Metaspace       used 60027K, committed 61376K, reserved 1114112K
  class space    used 7601K, committed 8192K, reserved 1048576K
}
Event: 34.542 GC heap after
{Heap after GC invocations=38 (full 3):
 PSYoungGen      total 23552K, used 1261K [0x00000000d5580000, 0x00000000d6e80000, 0x0000000100000000)
  eden space 22016K, 0% used [0x00000000d5580000,0x00000000d5580000,0x00000000d6b00000)
  from space 1536K, 82% used [0x00000000d6c00000,0x00000000d6d3b538,0x00000000d6d80000)
  to   space 1024K, 0% used [0x00000000d6d80000,0x00000000d6d80000,0x00000000d6e80000)
 ParOldGen       total 68608K, used 39989K [0x0000000080000000, 0x0000000084300000, 0x00000000d5580000)
  object space 68608K, 58% used [0x0000000080000000,0x000000008270d738,0x0000000084300000)
 Metaspace       used 60027K, committed 61376K, reserved 1114112K
  class space    used 7601K, committed 8192K, reserved 1048576K
}
Event: 34.644 GC heap before
{Heap before GC invocations=39 (full 3):
 PSYoungGen      total 23552K, used 23277K [0x00000000d5580000, 0x00000000d6e80000, 0x0000000100000000)
  eden space 22016K, 100% used [0x00000000d5580000,0x00000000d6b00000,0x00000000d6b00000)
  from space 1536K, 82% used [0x00000000d6c00000,0x00000000d6d3b538,0x00000000d6d80000)
  to   space 1024K, 0% used [0x00000000d6d80000,0x00000000d6d80000,0x00000000d6e80000)
 ParOldGen       total 68608K, used 39989K [0x0000000080000000, 0x0000000084300000, 0x00000000d5580000)
  object space 68608K, 58% used [0x0000000080000000,0x000000008270d738,0x0000000084300000)
 Metaspace       used 60028K, committed 61376K, reserved 1114112K
  class space    used 7601K, committed 8192K, reserved 1048576K
}
Event: 34.645 GC heap after
{Heap after GC invocations=39 (full 3):
 PSYoungGen      total 23040K, used 1018K [0x00000000d5580000, 0x00000000d6e80000, 0x0000000100000000)
  eden space 22016K, 0% used [0x00000000d5580000,0x00000000d5580000,0x00000000d6b00000)
  from space 1024K, 99% used [0x00000000d6d80000,0x00000000d6e7e960,0x00000000d6e80000)
  to   space 1536K, 0% used [0x00000000d6b80000,0x00000000d6b80000,0x00000000d6d00000)
 ParOldGen       total 68608K, used 40131K [0x0000000080000000, 0x0000000084300000, 0x00000000d5580000)
  object space 68608K, 58% used [0x0000000080000000,0x0000000082730f18,0x0000000084300000)
 Metaspace       used 60028K, committed 61376K, reserved 1114112K
  class space    used 7601K, committed 8192K, reserved 1048576K
}
Event: 34.737 GC heap before
{Heap before GC invocations=40 (full 3):
 PSYoungGen      total 23040K, used 23000K [0x00000000d5580000, 0x00000000d6e80000, 0x0000000100000000)
  eden space 22016K, 99% used [0x00000000d5580000,0x00000000d6af7710,0x00000000d6b00000)
  from space 1024K, 99% used [0x00000000d6d80000,0x00000000d6e7e960,0x00000000d6e80000)
  to   space 1536K, 0% used [0x00000000d6b80000,0x00000000d6b80000,0x00000000d6d00000)
 ParOldGen       total 68608K, used 40131K [0x0000000080000000, 0x0000000084300000, 0x00000000d5580000)
  object space 68608K, 58% used [0x0000000080000000,0x0000000082730f18,0x0000000084300000)
 Metaspace       used 60031K, committed 61376K, reserved 1114112K
  class space    used 7601K, committed 8192K, reserved 1048576K
}
Event: 34.738 GC heap after
{Heap after GC invocations=40 (full 3):
 PSYoungGen      total 23552K, used 895K [0x00000000d5580000, 0x00000000d6e00000, 0x0000000100000000)
  eden space 22016K, 0% used [0x00000000d5580000,0x00000000d5580000,0x00000000d6b00000)
  from space 1536K, 58% used [0x00000000d6b80000,0x00000000d6c5fe58,0x00000000d6d00000)
  to   space 1024K, 0% used [0x00000000d6d00000,0x00000000d6d00000,0x00000000d6e00000)
 ParOldGen       total 68608K, used 40147K [0x0000000080000000, 0x0000000084300000, 0x00000000d5580000)
  object space 68608K, 58% used [0x0000000080000000,0x0000000082734f18,0x0000000084300000)
 Metaspace       used 60031K, committed 61376K, reserved 1114112K
  class space    used 7601K, committed 8192K, reserved 1048576K
}
Event: 35.052 GC heap before
{Heap before GC invocations=41 (full 3):
 PSYoungGen      total 23552K, used 22911K [0x00000000d5580000, 0x00000000d6e00000, 0x0000000100000000)
  eden space 22016K, 100% used [0x00000000d5580000,0x00000000d6b00000,0x00000000d6b00000)
  from space 1536K, 58% used [0x00000000d6b80000,0x00000000d6c5fe58,0x00000000d6d00000)
  to   space 1024K, 0% used [0x00000000d6d00000,0x00000000d6d00000,0x00000000d6e00000)
 ParOldGen       total 68608K, used 40147K [0x0000000080000000, 0x0000000084300000, 0x00000000d5580000)
  object space 68608K, 58% used [0x0000000080000000,0x0000000082734f18,0x0000000084300000)
 Metaspace       used 61195K, committed 62592K, reserved 1114112K
  class space    used 7768K, committed 8384K, reserved 1048576K
}
Event: 35.053 GC heap after
{Heap after GC invocations=41 (full 3):
 PSYoungGen      total 22528K, used 432K [0x00000000d5580000, 0x00000000d6d80000, 0x0000000100000000)
  eden space 22016K, 0% used [0x00000000d5580000,0x00000000d5580000,0x00000000d6b00000)
  from space 512K, 84% used [0x00000000d6d00000,0x00000000d6d6c010,0x00000000d6d80000)
  to   space 1024K, 0% used [0x00000000d6b80000,0x00000000d6b80000,0x00000000d6c80000)
 ParOldGen       total 68608K, used 40203K [0x0000000080000000, 0x0000000084300000, 0x00000000d5580000)
  object space 68608K, 58% used [0x0000000080000000,0x0000000082742f18,0x0000000084300000)
 Metaspace       used 61195K, committed 62592K, reserved 1114112K
  class space    used 7768K, committed 8384K, reserved 1048576K
}
Event: 35.676 GC heap before
{Heap before GC invocations=42 (full 3):
 PSYoungGen      total 22528K, used 22440K [0x00000000d5580000, 0x00000000d6d80000, 0x0000000100000000)
  eden space 22016K, 99% used [0x00000000d5580000,0x00000000d6afe220,0x00000000d6b00000)
  from space 512K, 84% used [0x00000000d6d00000,0x00000000d6d6c010,0x00000000d6d80000)
  to   space 1024K, 0% used [0x00000000d6b80000,0x00000000d6b80000,0x00000000d6c80000)
 ParOldGen       total 68608K, used 40203K [0x0000000080000000, 0x0000000084300000, 0x00000000d5580000)
  object space 68608K, 58% used [0x0000000080000000,0x0000000082742f18,0x0000000084300000)
 Metaspace       used 63033K, committed 64512K, reserved 1114112K
  class space    used 8048K, committed 8704K, reserved 1048576K
}
Event: 35.677 GC heap after
{Heap after GC invocations=42 (full 3):
 PSYoungGen      total 23040K, used 704K [0x00000000d5580000, 0x00000000d6d80000, 0x0000000100000000)
  eden space 22016K, 0% used [0x00000000d5580000,0x00000000d5580000,0x00000000d6b00000)
  from space 1024K, 68% used [0x00000000d6b80000,0x00000000d6c30010,0x00000000d6c80000)
  to   space 1024K, 0% used [0x00000000d6c80000,0x00000000d6c80000,0x00000000d6d80000)
 ParOldGen       total 68608K, used 40499K [0x0000000080000000, 0x0000000084300000, 0x00000000d5580000)
  object space 68608K, 59% used [0x0000000080000000,0x000000008278cf38,0x0000000084300000)
 Metaspace       used 63033K, committed 64512K, reserved 1114112K
  class space    used 8048K, committed 8704K, reserved 1048576K
}
Event: 43.813 GC heap before
{Heap before GC invocations=43 (full 3):
 PSYoungGen      total 23040K, used 22720K [0x00000000d5580000, 0x00000000d6d80000, 0x0000000100000000)
  eden space 22016K, 100% used [0x00000000d5580000,0x00000000d6b00000,0x00000000d6b00000)
  from space 1024K, 68% used [0x00000000d6b80000,0x00000000d6c30010,0x00000000d6c80000)
  to   space 1024K, 0% used [0x00000000d6c80000,0x00000000d6c80000,0x00000000d6d80000)
 ParOldGen       total 68608K, used 40499K [0x0000000080000000, 0x0000000084300000, 0x00000000d5580000)
  object space 68608K, 59% used [0x0000000080000000,0x000000008278cf38,0x0000000084300000)
 Metaspace       used 64261K, committed 65664K, reserved 1114112K
  class space    used 8183K, committed 8832K, reserved 1048576K
}
Event: 43.815 GC heap after
{Heap after GC invocations=43 (full 3):
 PSYoungGen      total 23040K, used 688K [0x00000000d5580000, 0x00000000d6d80000, 0x0000000100000000)
  eden space 22016K, 0% used [0x00000000d5580000,0x00000000d5580000,0x00000000d6b00000)
  from space 1024K, 67% used [0x00000000d6c80000,0x00000000d6d2c010,0x00000000d6d80000)
  to   space 1024K, 0% used [0x00000000d6b80000,0x00000000d6b80000,0x00000000d6c80000)
 ParOldGen       total 68608K, used 41151K [0x0000000080000000, 0x0000000084300000, 0x00000000d5580000)
  object space 68608K, 59% used [0x0000000080000000,0x000000008282fda8,0x0000000084300000)
 Metaspace       used 64261K, committed 65664K, reserved 1114112K
  class space    used 8183K, committed 8832K, reserved 1048576K
}

