# JRE version: Java(TM) SE Runtime Environment (24.0.2+12) (build 24.0.2+12-54)
# Java VM: Java HotSpot(TM) 64-Bit Server VM (24.0.2+12-54, mixed mode, sharing, tiered, compressed oops, compressed class ptrs, g1 gc, windows-amd64)
GC Precious Log:
 CardTable entry size: 512
 Card Set container configuration: InlinePtr #cards 4 size 8 Array Of Cards #cards 32 size 80 Howl #buckets 8 coarsen threshold 7372 Howl Bitmap #cards 1024 size 144 coarsen threshold 921 Card regions per heap region 1 cards per card region 8192
 CPUs: 8 total, 8 available
 Memory: 7937M
 Large Page Support: Disabled
 NUMA Support: Disabled
 Compressed Oops: Enabled (Zero based)
 Heap Region Size: 4M
 Heap Min Capacity: 8M
 Heap Initial Capacity: 128M
 Heap Max Capacity: 8G
 Pre-touch: Disabled
 Parallel Workers: 8
 Concurrent Workers: 2
 Concurrent Refinement Workers: 8
 Periodic GC: Disabled
Heap:
 garbage-first heap   total reserved 8388608K, committed 221184K, used 118244K [0x0000000600000000, 0x0000000800000000)
  region size 4096K, 3 young (12288K), 2 survivors (8192K)
 Metaspace       used 99868K, committed 102144K, reserved 1179648K
  class space    used 11322K, committed 12416K, reserved 1048576K
GC Heap History (20 events):
Event: 16.108 GC heap before
{Heap before GC invocations=30 (full 0):
 garbage-first heap   total reserved 8388608K, committed 143360K, used 121272K [0x0000000600000000, 0x0000000800000000)
  region size 4096K, 13 young (53248K), 1 survivors (4096K)
 Metaspace       used 74900K, committed 76992K, reserved 1179648K
  class space    used 8691K, committed 9664K, reserved 1048576K
}
Event: 16.113 GC heap after
{Heap after GC invocations=31 (full 0):
 garbage-first heap   total reserved 8388608K, committed 143360K, used 86849K [0x0000000600000000, 0x0000000800000000)
  region size 4096K, 2 young (8192K), 2 survivors (8192K)
 Metaspace       used 74900K, committed 76992K, reserved 1179648K
  class space    used 8691K, committed 9664K, reserved 1048576K
}
Event: 16.451 GC heap before
{Heap before GC invocations=32 (full 0):
 garbage-first heap   total reserved 8388608K, committed 151552K, used 115521K [0x0000000600000000, 0x0000000800000000)
  region size 4096K, 10 young (40960K), 2 survivors (8192K)
 Metaspace       used 76025K, committed 78144K, reserved 1179648K
  class space    used 8742K, committed 9728K, reserved 1048576K
}
Event: 16.456 GC heap after
{Heap after GC invocations=33 (full 0):
 garbage-first heap   total reserved 8388608K, committed 151552K, used 97140K [0x0000000600000000, 0x0000000800000000)
  region size 4096K, 2 young (8192K), 2 survivors (8192K)
 Metaspace       used 76025K, committed 78144K, reserved 1179648K
  class space    used 8742K, committed 9728K, reserved 1048576K
}
Event: 17.013 GC heap before
{Heap before GC invocations=33 (full 0):
 garbage-first heap   total reserved 8388608K, committed 151552K, used 125812K [0x0000000600000000, 0x0000000800000000)
  region size 4096K, 10 young (40960K), 2 survivors (8192K)
 Metaspace       used 78970K, committed 81088K, reserved 1179648K
  class space    used 8999K, committed 9984K, reserved 1048576K
}
Event: 17.017 GC heap after
{Heap after GC invocations=34 (full 0):
 garbage-first heap   total reserved 8388608K, committed 151552K, used 97216K [0x0000000600000000, 0x0000000800000000)
  region size 4096K, 1 young (4096K), 1 survivors (4096K)
 Metaspace       used 78970K, committed 81088K, reserved 1179648K
  class space    used 8999K, committed 9984K, reserved 1048576K
}
Event: 17.373 GC heap before
{Heap before GC invocations=35 (full 0):
 garbage-first heap   total reserved 8388608K, committed 172032K, used 125888K [0x0000000600000000, 0x0000000800000000)
  region size 4096K, 9 young (36864K), 1 survivors (4096K)
 Metaspace       used 81294K, committed 83392K, reserved 1179648K
  class space    used 9218K, committed 10176K, reserved 1048576K
}
Event: 17.378 GC heap after
{Heap after GC invocations=36 (full 0):
 garbage-first heap   total reserved 8388608K, committed 172032K, used 105544K [0x0000000600000000, 0x0000000800000000)
  region size 4096K, 2 young (8192K), 2 survivors (8192K)
 Metaspace       used 81294K, committed 83392K, reserved 1179648K
  class space    used 9218K, committed 10176K, reserved 1048576K
}
Event: 18.268 GC heap before
{Heap before GC invocations=36 (full 0):
 garbage-first heap   total reserved 8388608K, committed 172032K, used 146504K [0x0000000600000000, 0x0000000800000000)
  region size 4096K, 12 young (49152K), 2 survivors (8192K)
 Metaspace       used 84111K, committed 86272K, reserved 1179648K
  class space    used 9484K, committed 10496K, reserved 1048576K
}
Event: 18.273 GC heap after
{Heap after GC invocations=37 (full 0):
 garbage-first heap   total reserved 8388608K, committed 172032K, used 104562K [0x0000000600000000, 0x0000000800000000)
  region size 4096K, 1 young (4096K), 1 survivors (4096K)
 Metaspace       used 84111K, committed 86272K, reserved 1179648K
  class space    used 9484K, committed 10496K, reserved 1048576K
}
Event: 19.143 GC heap before
{Heap before GC invocations=37 (full 0):
 garbage-first heap   total reserved 8388608K, committed 172032K, used 149618K [0x0000000600000000, 0x0000000800000000)
  region size 4096K, 12 young (49152K), 1 survivors (4096K)
 Metaspace       used 87484K, committed 89664K, reserved 1179648K
  class space    used 9830K, committed 10880K, reserved 1048576K
}
Event: 19.147 GC heap after
{Heap after GC invocations=38 (full 0):
 garbage-first heap   total reserved 8388608K, committed 172032K, used 106456K [0x0000000600000000, 0x0000000800000000)
  region size 4096K, 2 young (8192K), 2 survivors (8192K)
 Metaspace       used 87484K, committed 89664K, reserved 1179648K
  class space    used 9830K, committed 10880K, reserved 1048576K
}
Event: 20.061 GC heap before
{Heap before GC invocations=39 (full 0):
 garbage-first heap   total reserved 8388608K, committed 184320K, used 147416K [0x0000000600000000, 0x0000000800000000)
  region size 4096K, 12 young (49152K), 2 survivors (8192K)
 Metaspace       used 90330K, committed 92544K, reserved 1179648K
  class space    used 10159K, committed 11200K, reserved 1048576K
}
Event: 20.065 GC heap after
{Heap after GC invocations=40 (full 0):
 garbage-first heap   total reserved 8388608K, committed 184320K, used 107966K [0x0000000600000000, 0x0000000800000000)
  region size 4096K, 1 young (4096K), 1 survivors (4096K)
 Metaspace       used 90330K, committed 92544K, reserved 1179648K
  class space    used 10159K, committed 11200K, reserved 1048576K
}
Event: 20.757 GC heap before
{Heap before GC invocations=40 (full 0):
 garbage-first heap   total reserved 8388608K, committed 184320K, used 157118K [0x0000000600000000, 0x0000000800000000)
  region size 4096K, 14 young (57344K), 1 survivors (4096K)
 Metaspace       used 92256K, committed 94464K, reserved 1179648K
  class space    used 10352K, committed 11392K, reserved 1048576K
}
Event: 20.764 GC heap after
{Heap after GC invocations=41 (full 0):
 garbage-first heap   total reserved 8388608K, committed 184320K, used 111097K [0x0000000600000000, 0x0000000800000000)
  region size 4096K, 2 young (8192K), 2 survivors (8192K)
 Metaspace       used 92256K, committed 94464K, reserved 1179648K
  class space    used 10352K, committed 11392K, reserved 1048576K
}
Event: 21.721 GC heap before
{Heap before GC invocations=41 (full 0):
 garbage-first heap   total reserved 8388608K, committed 184320K, used 160249K [0x0000000600000000, 0x0000000800000000)
  region size 4096K, 14 young (57344K), 2 survivors (8192K)
 Metaspace       used 95723K, committed 97920K, reserved 1179648K
  class space    used 10785K, committed 11840K, reserved 1048576K
}
Event: 21.727 GC heap after
{Heap after GC invocations=42 (full 0):
 garbage-first heap   total reserved 8388608K, committed 221184K, used 112451K [0x0000000600000000, 0x0000000800000000)
  region size 4096K, 1 young (4096K), 1 survivors (4096K)
 Metaspace       used 95723K, committed 97920K, reserved 1179648K
  class space    used 10785K, committed 11840K, reserved 1048576K
}
Event: 26.275 GC heap before
{Heap before GC invocations=43 (full 0):
 garbage-first heap   total reserved 8388608K, committed 221184K, used 194371K [0x0000000600000000, 0x0000000800000000)
  region size 4096K, 21 young (86016K), 1 survivors (4096K)
 Metaspace       used 99762K, committed 102080K, reserved 1179648K
  class space    used 11309K, committed 12416K, reserved 1048576K
}
Event: 26.280 GC heap after
{Heap after GC invocations=44 (full 0):
 garbage-first heap   total reserved 8388608K, committed 221184K, used 118244K [0x0000000600000000, 0x0000000800000000)
  region size 4096K, 2 young (8192K), 2 survivors (8192K)
 Metaspace       used 99762K, committed 102080K, reserved 1179648K
  class space    used 11309K, committed 12416K, reserved 1048576K
}

